{"logTime": "0630/130025", "correlationVector":"2feJmeXOd02ZTmoq1eDIep.49","action":"GetUpdates", "result":"DeleteReceived", "context":{"id":"0112c88e-ddaf-4471-92f9-e5606f8624fe", "isDeleted:":"true", "version":"1719544564706"}}
{"logTime": "0630/130025", "correlationVector":"2feJmeXOd02ZTmoq1eDIep.50","action":"GetUpdates", "result":"DeleteReceived", "context":{"id":"922fcf28-911f-4518-9e82-f990736054f8", "isDeleted:":"true", "version":"1719546395634"}}
{"logTime": "0630/130025", "correlationVector":"2feJmeXOd02ZTmoq1eDIep.51","action":"GetUpdates", "result":"DeleteReceived", "context":{"id":"bc5d75a5-61bc-4a9e-9f52-6e721bc7c333", "isDeleted:":"true", "version":"1719553393740"}}
{"logTime": "0630/130025", "correlationVector":"2feJmeXOd02ZTmoq1eDIep.52","action":"GetUpdates", "result":"DeleteReceived", "context":{"id":"57d6cfd3-86c2-4da0-a09e-d1b1d6bb2280", "isDeleted:":"true", "version":"1719554842979"}}
{"logTime": "0630/130025", "correlationVector":"2feJmeXOd02ZTmoq1eDIep.53","action":"GetUpdates", "result":"DeleteReceived", "context":{"id":"85cf758f-95aa-4a1a-b00c-31da39dea3f0", "isDeleted:":"true", "version":"1719556480386"}}
{"logTime": "0630/130025", "correlationVector":"2feJmeXOd02ZTmoq1eDIep.54","action":"GetUpdates", "result":"DeleteReceived", "context":{"id":"a2457e54-98b3-43d0-b210-954bf3ca5404", "isDeleted:":"true", "version":"1719556480387"}}
{"logTime": "0630/130025", "correlationVector":"2feJmeXOd02ZTmoq1eDIep.55","action":"GetUpdates", "result":"DeleteReceived", "context":{"id":"116dbf62-f253-4bc1-b7a5-787ee3de7c0a", "isDeleted:":"true", "version":"1719556480389"}}
{"logTime": "0630/130026", "correlationVector":"2feJmeXOd02ZTmoq1eDIep.56","action":"GetUpdates", "result":"DeleteReceived", "context":{"id":"1529713a-4aa9-4a1d-83af-a53691c96a03", "isDeleted:":"true", "version":"1719556480391"}}
{"logTime": "0630/130026", "correlationVector":"2feJmeXOd02ZTmoq1eDIep.57","action":"GetUpdates", "result":"DeleteReceived", "context":{"id":"240eb3d4-a3d8-4821-9b9b-3f7fe6bfc16d", "isDeleted:":"true", "version":"1719557446735"}}
{"logTime": "0630/130026", "correlationVector":"2feJmeXOd02ZTmoq1eDIep.58","action":"GetUpdates", "result":"DeleteReceived", "context":{"id":"afe8133f-c348-4414-8e15-1850b937afb4", "isDeleted:":"true", "version":"1719563179243"}}
{"logTime": "0630/130026", "correlationVector":"2feJmeXOd02ZTmoq1eDIep.59","action":"GetUpdates", "result":"DeleteReceived", "context":{"id":"d232b108-af6b-4385-ad71-ce11aeda9f7f", "isDeleted:":"true", "version":"1719563179244"}}
{"logTime": "0630/130026", "correlationVector":"2feJmeXOd02ZTmoq1eDIep.60","action":"GetUpdates", "result":"DeleteReceived", "context":{"id":"880439f4-8b76-4072-bb68-ce8ea8a1f662", "isDeleted:":"true", "version":"1719563179245"}}
{"logTime": "0630/130026", "correlationVector":"2feJmeXOd02ZTmoq1eDIep.61","action":"GetUpdates", "result":"DeleteReceived", "context":{"id":"c4136e66-c0e7-4cf2-ab5d-7be6f883c5bf", "isDeleted:":"true", "version":"1719563179246"}}
{"logTime": "0630/130026", "correlationVector":"2feJmeXOd02ZTmoq1eDIep.62","action":"GetUpdates", "result":"DeleteReceived", "context":{"id":"6520022a-9dc0-46cf-974e-0598e141a86d", "isDeleted:":"true", "version":"1719563179248"}}
{"logTime": "0630/130026", "correlationVector":"2feJmeXOd02ZTmoq1eDIep.63","action":"GetUpdates", "result":"DeleteReceived", "context":{"id":"c81cf461-a30e-40e8-9b7a-8e96049b3d73", "isDeleted:":"true", "version":"1719563179249"}}
{"logTime": "0630/130026", "correlationVector":"2feJmeXOd02ZTmoq1eDIep.64","action":"GetUpdates", "result":"DeleteReceived", "context":{"id":"240527e1-371b-42d6-a4f2-98b672bc2bbf", "isDeleted:":"true", "version":"1719563179250"}}
{"logTime": "0630/130026", "correlationVector":"2feJmeXOd02ZTmoq1eDIep.65","action":"GetUpdates", "result":"DeleteReceived", "context":{"id":"bfcfe723-055f-4b7b-8b51-97858ae2dbd1", "isDeleted:":"true", "version":"1719563179251"}}
{"logTime": "0630/130026", "correlationVector":"2feJmeXOd02ZTmoq1eDIep.66","action":"GetUpdates", "result":"DeleteReceived", "context":{"id":"6018a047-0b88-4d46-8ed1-7eb011104625", "isDeleted:":"true", "version":"1719565054793"}}
{"logTime": "0630/130026", "correlationVector":"2feJmeXOd02ZTmoq1eDIep.67","action":"GetUpdates", "result":"DeleteReceived", "context":{"id":"2d29d509-6759-4492-b4f1-9bfcdef6f876", "isDeleted:":"true", "version":"1719565115789"}}
{"logTime": "0630/130026", "correlationVector":"2feJmeXOd02ZTmoq1eDIep.68","action":"GetUpdates", "result":"DeleteReceived", "context":{"id":"a0e4c129-eab8-4b50-b109-f60d4d4c58c5", "isDeleted:":"true", "version":"1719565146203"}}
{"logTime": "0630/130026", "correlationVector":"2feJmeXOd02ZTmoq1eDIep.69","action":"GetUpdates", "result":"DeleteReceived", "context":{"id":"345af029-20f8-4f1f-9fcb-9f36c8b93003", "isDeleted:":"true", "version":"1719565698528"}}
{"logTime": "0630/130026", "correlationVector":"2feJmeXOd02ZTmoq1eDIep.70","action":"GetUpdates", "result":"DeleteReceived", "context":{"id":"7aa9a375-bdb4-40b0-879d-38bccc3f119a", "isDeleted:":"true", "version":"1719566304988"}}
{"logTime": "0630/130026", "correlationVector":"2feJmeXOd02ZTmoq1eDIep.71","action":"GetUpdates", "result":"DeleteReceived", "context":{"id":"00dd900a-e133-43fc-b3bc-bdf343d35b59", "isDeleted:":"true", "version":"1719566634385"}}
{"logTime": "0630/130026", "correlationVector":"2feJmeXOd02ZTmoq1eDIep.72","action":"GetUpdates", "result":"DeleteReceived", "context":{"id":"97dbab45-2d1c-4a23-9f9a-c8a8cf0dfe93", "isDeleted:":"true", "version":"1719568057738"}}
{"logTime": "0630/130026", "correlationVector":"2feJmeXOd02ZTmoq1eDIep.73","action":"GetUpdates", "result":"DeleteReceived", "context":{"id":"98c05202-ce96-4ae9-98bb-e8abf1e4b40a", "isDeleted:":"true", "version":"1719568057739"}}
{"logTime": "0630/130026", "correlationVector":"2feJmeXOd02ZTmoq1eDIep.74","action":"GetUpdates", "result":"DeleteReceived", "context":{"id":"41aa5cd4-65e5-48e4-9b2d-9b07b7afc040", "isDeleted:":"true", "version":"1719568057740"}}
{"logTime": "0630/130026", "correlationVector":"2feJmeXOd02ZTmoq1eDIep.75","action":"GetUpdates", "result":"DeleteReceived", "context":{"id":"fd89c104-05bb-43ff-bd11-646c298645a3", "isDeleted:":"true", "version":"1719568057741"}}
{"logTime": "0630/130026", "correlationVector":"2feJmeXOd02ZTmoq1eDIep.76","action":"GetUpdates", "result":"DeleteReceived", "context":{"id":"c75ab22f-bff6-4a9c-b73b-1ee6571ba4ce", "isDeleted:":"true", "version":"1719568057743"}}
{"logTime": "0630/130026", "correlationVector":"2feJmeXOd02ZTmoq1eDIep.77","action":"GetUpdates", "result":"DeleteReceived", "context":{"id":"13de3996-aa19-4441-9b6f-eace5a6f3d48", "isDeleted:":"true", "version":"1719568057744"}}
{"logTime": "0630/130026", "correlationVector":"2feJmeXOd02ZTmoq1eDIep.78","action":"GetUpdates", "result":"DeleteReceived", "context":{"id":"65c48ee2-6c6f-4253-b4ad-d84efb8edae0", "isDeleted:":"true", "version":"1719568057745"}}
{"logTime": "0630/130026", "correlationVector":"2feJmeXOd02ZTmoq1eDIep.79","action":"GetUpdates", "result":"DeleteReceived", "context":{"id":"cd08bd95-7291-4c2c-832d-c641f519b6bc", "isDeleted:":"true", "version":"1719568057747"}}
{"logTime": "0630/130026", "correlationVector":"2feJmeXOd02ZTmoq1eDIep.80","action":"GetUpdates", "result":"DeleteReceived", "context":{"id":"f5a3c88e-0ae2-4827-a16b-3c392451bf19", "isDeleted:":"true", "version":"1719568057748"}}
{"logTime": "0630/130026", "correlationVector":"2feJmeXOd02ZTmoq1eDIep.81","action":"GetUpdates", "result":"DeleteReceived", "context":{"id":"1c1010c3-f14b-426e-859f-6736cbbcc4ed", "isDeleted:":"true", "version":"1719568057749"}}
{"logTime": "0630/130026", "correlationVector":"2feJmeXOd02ZTmoq1eDIep.82","action":"GetUpdates", "result":"DeleteReceived", "context":{"id":"93939037-e188-4854-896b-b7f14cbe9d03", "isDeleted:":"true", "version":"1719568359294"}}
{"logTime": "0630/130026", "correlationVector":"2feJmeXOd02ZTmoq1eDIep.83","action":"GetUpdates", "result":"DeleteReceived", "context":{"id":"645607af-d9e1-43d8-8836-e5af9d7d0148", "isDeleted:":"true", "version":"1719568359297"}}
{"logTime": "0630/130026", "correlationVector":"2feJmeXOd02ZTmoq1eDIep.84","action":"GetUpdates", "result":"DeleteReceived", "context":{"id":"a4d3d94b-4d78-4627-8019-cec28fd2c0ed", "isDeleted:":"true", "version":"1719568491843"}}
{"logTime": "0630/130026", "correlationVector":"2feJmeXOd02ZTmoq1eDIep.85","action":"GetUpdates", "result":"DeleteReceived", "context":{"id":"cd0fd6f8-448d-4246-adb4-e13640b66681", "isDeleted:":"true", "version":"1719568555535"}}
{"logTime": "0630/130026", "correlationVector":"2feJmeXOd02ZTmoq1eDIep.86","action":"GetUpdates", "result":"DeleteReceived", "context":{"id":"3984f600-4226-4d6b-8bf4-3bf9312471b4", "isDeleted:":"true", "version":"1719568588431"}}
{"logTime": "0630/130026", "correlationVector":"2feJmeXOd02ZTmoq1eDIep.87","action":"GetUpdates", "result":"DeleteReceived", "context":{"id":"0aa859e9-117b-475f-b9cf-e82da59648b6", "isDeleted:":"true", "version":"1719568658083"}}
{"logTime": "0630/130026", "correlationVector":"2feJmeXOd02ZTmoq1eDIep.88","action":"GetUpdates", "result":"DeleteReceived", "context":{"id":"bcff2419-f504-44fa-aa51-59d5e7f13d0d", "isDeleted:":"true", "version":"1719568805804"}}
{"logTime": "0630/130026", "correlationVector":"2feJmeXOd02ZTmoq1eDIep.89","action":"GetUpdates", "result":"DeleteReceived", "context":{"id":"91d74f81-9520-4449-a04a-015689f25694", "isDeleted:":"true", "version":"1719568903396"}}
{"logTime": "0630/130026", "correlationVector":"2feJmeXOd02ZTmoq1eDIep.90","action":"GetUpdates", "result":"DeleteReceived", "context":{"id":"751ce8ea-be94-48dc-a480-1d025ddf4f1e", "isDeleted:":"true", "version":"1719568973724"}}
{"logTime": "0630/130026", "correlationVector":"2feJmeXOd02ZTmoq1eDIep.91","action":"GetUpdates", "result":"DeleteReceived", "context":{"id":"0d268018-f802-410d-a390-1f5da05edab3", "isDeleted:":"true", "version":"1719569037783"}}
{"logTime": "0630/130026", "correlationVector":"2feJmeXOd02ZTmoq1eDIep.92","action":"GetUpdates", "result":"DeleteReceived", "context":{"id":"d02fbd2b-702c-44c1-95f0-dfd4cf79cb68", "isDeleted:":"true", "version":"1719569172747"}}
{"logTime": "0630/130026", "correlationVector":"2feJmeXOd02ZTmoq1eDIep.93","action":"GetUpdates", "result":"DeleteReceived", "context":{"id":"f46bff17-c8af-4bf0-a0ee-70f16df35304", "isDeleted:":"true", "version":"1719569172748"}}
{"logTime": "0630/130026", "correlationVector":"2feJmeXOd02ZTmoq1eDIep.94","action":"GetUpdates", "result":"DeleteReceived", "context":{"id":"3f513698-050e-403f-92f3-88410c2e3920", "isDeleted:":"true", "version":"1719569330589"}}
{"logTime": "0630/130026", "correlationVector":"2feJmeXOd02ZTmoq1eDIep.95","action":"GetUpdates", "result":"DeleteReceived", "context":{"id":"001a0f50-e0ae-4015-a915-816f1664effe", "isDeleted:":"true", "version":"1719569584307"}}
{"logTime": "0630/130026", "correlationVector":"2feJmeXOd02ZTmoq1eDIep.96","action":"GetUpdates", "result":"DeleteReceived", "context":{"id":"7c3bd674-3836-4a0b-b2a4-4eaeafb45bf9", "isDeleted:":"true", "version":"1719569651068"}}
{"logTime": "0630/130026", "correlationVector":"2feJmeXOd02ZTmoq1eDIep.97","action":"GetUpdates", "result":"DeleteReceived", "context":{"id":"645f67f4-f1fa-4a9e-8c82-c161370fbc66", "isDeleted:":"true", "version":"1719569651070"}}
{"logTime": "0630/130026", "correlationVector":"2feJmeXOd02ZTmoq1eDIep.98","action":"GetUpdates", "result":"DeleteReceived", "context":{"id":"5ed3eebf-9631-4c90-a996-0303b5cfab9a", "isDeleted:":"true", "version":"1719569651073"}}
{"logTime": "0630/130026", "correlationVector":"2feJmeXOd02ZTmoq1eDIep.99","action":"GetUpdates", "result":"DeleteReceived", "context":{"id":"31d7f0cd-eceb-44df-9964-5478f69f5afd", "isDeleted:":"true", "version":"1719569715031"}}
{"logTime": "0630/130026", "correlationVector":"2feJmeXOd02ZTmoq1eDIep.100","action":"GetUpdates", "result":"DeleteReceived", "context":{"id":"6ccc6412-eab8-4479-b393-e6bf89530705", "isDeleted:":"true", "version":"1719569715033"}}
{"logTime": "0630/130026", "correlationVector":"2feJmeXOd02ZTmoq1eDIep.101","action":"GetUpdates", "result":"DeleteReceived", "context":{"id":"d424885a-06f8-421d-9f54-c01a07f58473", "isDeleted:":"true", "version":"1719570106628"}}
{"logTime": "0630/130026", "correlationVector":"2feJmeXOd02ZTmoq1eDIep.102","action":"GetUpdates", "result":"DeleteReceived", "context":{"id":"2387f618-37da-4da0-8925-bd180437f6a6", "isDeleted:":"true", "version":"1719570106630"}}
{"logTime": "0630/130026", "correlationVector":"2feJmeXOd02ZTmoq1eDIep.103","action":"GetUpdates", "result":"DeleteReceived", "context":{"id":"d0c732b0-a57b-4a9f-9525-01fe728130f1", "isDeleted:":"true", "version":"1719570106633"}}
{"logTime": "0630/130026", "correlationVector":"2feJmeXOd02ZTmoq1eDIep.104","action":"GetUpdates", "result":"DeleteReceived", "context":{"id":"b8937e01-5d39-42a1-9ceb-b19179e480a1", "isDeleted:":"true", "version":"1719570106634"}}
{"logTime": "0630/130026", "correlationVector":"2feJmeXOd02ZTmoq1eDIep.105","action":"GetUpdates", "result":"DeleteReceived", "context":{"id":"11a63a7d-86fd-4f79-ad42-4842b8fa6c11", "isDeleted:":"true", "version":"1719570106635"}}
{"logTime": "0630/130026", "correlationVector":"2feJmeXOd02ZTmoq1eDIep.106","action":"GetUpdates", "result":"DeleteReceived", "context":{"id":"698d45b5-e3c6-4eed-8bc6-8dd0069d0915", "isDeleted:":"true", "version":"1719570270170"}}
{"logTime": "0630/130026", "correlationVector":"2feJmeXOd02ZTmoq1eDIep.107","action":"GetUpdates", "result":"DeleteReceived", "context":{"id":"becf5e56-8345-4ca2-9d8a-ec1b95c4ead5", "isDeleted:":"true", "version":"1719570332628"}}
{"logTime": "0630/130026", "correlationVector":"2feJmeXOd02ZTmoq1eDIep.108","action":"GetUpdates", "result":"DeleteReceived", "context":{"id":"62cc8de4-9ad3-457a-9cb3-85106bbd8ac6", "isDeleted:":"true", "version":"1719571186884"}}
{"logTime": "0630/130026", "correlationVector":"2feJmeXOd02ZTmoq1eDIep.109","action":"GetUpdates", "result":"DeleteReceived", "context":{"id":"64e13db9-c141-4583-a897-31b2a9db21f4", "isDeleted:":"true", "version":"1719571186885"}}
{"logTime": "0630/130026", "correlationVector":"2feJmeXOd02ZTmoq1eDIep.110","action":"GetUpdates", "result":"DeleteReceived", "context":{"id":"a8421188-91f4-4828-b98a-902f3ebf0e59", "isDeleted:":"true", "version":"1719571186886"}}
{"logTime": "0630/130026", "correlationVector":"2feJmeXOd02ZTmoq1eDIep.111","action":"GetUpdates", "result":"DeleteReceived", "context":{"id":"acdd9dc5-f7ca-4bf2-92ac-09d4cfc75e49", "isDeleted:":"true", "version":"1719571186887"}}
{"logTime": "0630/130026", "correlationVector":"2feJmeXOd02ZTmoq1eDIep.112","action":"GetUpdates", "result":"DeleteReceived", "context":{"id":"90877ef0-2cae-4e39-8979-d6d4a605ec2e", "isDeleted:":"true", "version":"1719571186888"}}
{"logTime": "0630/130026", "correlationVector":"2feJmeXOd02ZTmoq1eDIep.113","action":"GetUpdates", "result":"DeleteReceived", "context":{"id":"27d665b0-9b50-4867-97fb-5964b1650510", "isDeleted:":"true", "version":"1719571186889"}}
{"logTime": "0630/130026", "correlationVector":"2feJmeXOd02ZTmoq1eDIep.114","action":"GetUpdates", "result":"DeleteReceived", "context":{"id":"d2ac3f6a-7e6b-48f7-892f-0519352d8fc9", "isDeleted:":"true", "version":"1719571186890"}}
{"logTime": "0630/130026", "correlationVector":"2feJmeXOd02ZTmoq1eDIep.115","action":"GetUpdates", "result":"DeleteReceived", "context":{"id":"9c5f3cb0-18a7-4242-b36d-9195cc9e9862", "isDeleted:":"true", "version":"1719571186891"}}
{"logTime": "0630/130026", "correlationVector":"2feJmeXOd02ZTmoq1eDIep.116","action":"GetUpdates", "result":"DeleteReceived", "context":{"id":"9cc87909-0cc2-48b6-964f-dee87367063d", "isDeleted:":"true", "version":"1719571186893"}}
{"logTime": "0630/130026", "correlationVector":"2feJmeXOd02ZTmoq1eDIep.117","action":"GetUpdates", "result":"DeleteReceived", "context":{"id":"efd74c95-56fe-452e-a14b-ede082c2999e", "isDeleted:":"true", "version":"1719571186894"}}
{"logTime": "0630/130026", "correlationVector":"2feJmeXOd02ZTmoq1eDIep.118","action":"GetUpdates", "result":"DeleteReceived", "context":{"id":"5b156605-edfa-4301-a2ce-7cf324657fef", "isDeleted:":"true", "version":"1719571186895"}}
{"logTime": "0630/130026", "correlationVector":"2feJmeXOd02ZTmoq1eDIep.119","action":"GetUpdates", "result":"DeleteReceived", "context":{"id":"9388e758-c2c0-4681-a285-4426e118b000", "isDeleted:":"true", "version":"1719571186896"}}
{"logTime": "0630/130026", "correlationVector":"2feJmeXOd02ZTmoq1eDIep.120","action":"GetUpdates", "result":"DeleteReceived", "context":{"id":"50fe1b45-86aa-4b9e-b62e-809132b537da", "isDeleted:":"true", "version":"1719573327464"}}
{"logTime": "0630/130026", "correlationVector":"2feJmeXOd02ZTmoq1eDIep.121","action":"GetUpdates", "result":"DeleteReceived", "context":{"id":"1e874bd0-fd6b-4b20-a0c1-efcb9aebb091", "isDeleted:":"true", "version":"1719573869303"}}
{"logTime": "0630/130026", "correlationVector":"2feJmeXOd02ZTmoq1eDIep.122","action":"GetUpdates", "result":"DeleteReceived", "context":{"id":"73281ff3-8a42-4837-bfff-6e361cc10632", "isDeleted:":"true", "version":"1719577766776"}}
{"logTime": "0630/130026", "correlationVector":"2feJmeXOd02ZTmoq1eDIep.123","action":"GetUpdates", "result":"DeleteReceived", "context":{"id":"446394eb-34a9-4fa8-b4c1-78936e3689a1", "isDeleted:":"true", "version":"1719578794586"}}
{"logTime": "0630/130026", "correlationVector":"2feJmeXOd02ZTmoq1eDIep.124","action":"GetUpdates", "result":"DeleteReceived", "context":{"id":"6d3ffa2b-5cd2-4a38-a612-00c140b3ee11", "isDeleted:":"true", "version":"1719578838073"}}
{"logTime": "0630/130026", "correlationVector":"2feJmeXOd02ZTmoq1eDIep.125","action":"GetUpdates", "result":"DeleteReceived", "context":{"id":"ed272d14-88ea-42a5-919d-cd998764703a", "isDeleted:":"true", "version":"1719583253903"}}
{"logTime": "0630/130026", "correlationVector":"2feJmeXOd02ZTmoq1eDIep.126","action":"GetUpdates", "result":"DeleteReceived", "context":{"id":"12479e5c-7ae2-462b-96be-a5aa3b4b2b83", "isDeleted:":"true", "version":"1719583336278"}}
{"logTime": "0630/130026", "correlationVector":"2feJmeXOd02ZTmoq1eDIep.127","action":"GetUpdates", "result":"DeleteReceived", "context":{"id":"70913201-f60b-433a-86fe-335d2efcb1d7", "isDeleted:":"true", "version":"1719583336279"}}
{"logTime": "0630/130026", "correlationVector":"2feJmeXOd02ZTmoq1eDIep.128","action":"GetUpdates", "result":"DeleteReceived", "context":{"id":"6d74a533-f93a-4410-bd23-ddbe8d9afa3c", "isDeleted:":"true", "version":"1719583336280"}}
{"logTime": "0630/130026", "correlationVector":"2feJmeXOd02ZTmoq1eDIep.129","action":"GetUpdates", "result":"DeleteReceived", "context":{"id":"4378173a-1e63-4c0a-9c15-f24e8fbd2e11", "isDeleted:":"true", "version":"1719583336281"}}
{"logTime": "0630/130026", "correlationVector":"2feJmeXOd02ZTmoq1eDIep.130","action":"GetUpdates", "result":"DeleteReceived", "context":{"id":"f8d47926-d2c6-4cc7-9118-ea44826cdcf9", "isDeleted:":"true", "version":"1719583336282"}}
{"logTime": "0630/130026", "correlationVector":"2feJmeXOd02ZTmoq1eDIep.131","action":"GetUpdates", "result":"DeleteReceived", "context":{"id":"6a8b85aa-9395-4289-a0e5-eaf128a6731f", "isDeleted:":"true", "version":"1719583336283"}}
{"logTime": "0630/130026", "correlationVector":"2feJmeXOd02ZTmoq1eDIep.132","action":"GetUpdates", "result":"DeleteReceived", "context":{"id":"d26a8cf4-bf5e-4b1d-8b9b-1b675a1952dc", "isDeleted:":"true", "version":"1719583336284"}}
{"logTime": "0630/130026", "correlationVector":"2feJmeXOd02ZTmoq1eDIep.133","action":"GetUpdates", "result":"DeleteReceived", "context":{"id":"f6046743-e7d9-49ca-86f9-d3a7e5da6fc2", "isDeleted:":"true", "version":"1719583336285"}}
{"logTime": "0630/130026", "correlationVector":"2feJmeXOd02ZTmoq1eDIep.134","action":"GetUpdates", "result":"DeleteReceived", "context":{"id":"f8908f37-cf4a-4f4d-8166-49162e6c73a5", "isDeleted:":"true", "version":"1719583336286"}}
{"logTime": "0630/130026", "correlationVector":"2feJmeXOd02ZTmoq1eDIep.135","action":"GetUpdates", "result":"DeleteReceived", "context":{"id":"dbc418d1-16f2-4024-8ca6-2c0e405eb112", "isDeleted:":"true", "version":"1719583336287"}}
{"logTime": "0630/130026", "correlationVector":"2feJmeXOd02ZTmoq1eDIep.136","action":"GetUpdates", "result":"DeleteReceived", "context":{"id":"74f62c94-2b9f-4894-8c3a-2fe8dbc0e8fd", "isDeleted:":"true", "version":"1719590939104"}}
{"logTime": "0630/130026", "correlationVector":"2feJmeXOd02ZTmoq1eDIep.137","action":"GetUpdates", "result":"DeleteReceived", "context":{"id":"16a41ab9-5fa2-4ac2-9008-28fc58d8656d", "isDeleted:":"true", "version":"1719591575662"}}
{"logTime": "0630/130026", "correlationVector":"2feJmeXOd02ZTmoq1eDIep.138","action":"GetUpdates", "result":"DeleteReceived", "context":{"id":"09da511d-4915-41cd-96df-879929484f28", "isDeleted:":"true", "version":"1719591805830"}}
{"logTime": "0630/130026", "correlationVector":"2feJmeXOd02ZTmoq1eDIep.139","action":"GetUpdates", "result":"DeleteReceived", "context":{"id":"75e0891a-300e-45f4-bebf-d5198593d244", "isDeleted:":"true", "version":"1719591805832"}}
{"logTime": "0630/130026", "correlationVector":"2feJmeXOd02ZTmoq1eDIep.140","action":"GetUpdates", "result":"DeleteReceived", "context":{"id":"5c0eb5e1-c545-4d79-829e-452e91d05ced", "isDeleted:":"true", "version":"1719596787628"}}
{"logTime": "0630/130026", "correlationVector":"2feJmeXOd02ZTmoq1eDIep.141","action":"GetUpdates", "result":"DeleteReceived", "context":{"id":"2ef38c2d-9d50-4eb6-a5a1-694c8cb90ed5", "isDeleted:":"true", "version":"1719630310645"}}
{"logTime": "0630/130026", "correlationVector":"2feJmeXOd02ZTmoq1eDIep.142","action":"GetUpdates", "result":"DeleteReceived", "context":{"id":"0b592240-f0df-4968-b301-15c3ef87b754", "isDeleted:":"true", "version":"1719630310646"}}
{"logTime": "0630/130026", "correlationVector":"2feJmeXOd02ZTmoq1eDIep.143","action":"GetUpdates", "result":"DeleteReceived", "context":{"id":"bd92c470-ab9f-4dff-adda-7e6e0f085d8c", "isDeleted:":"true", "version":"1719632486859"}}
{"logTime": "0630/130026", "correlationVector":"2feJmeXOd02ZTmoq1eDIep.144","action":"GetUpdates", "result":"DeleteReceived", "context":{"id":"73281f63-d483-4f2a-9370-cc6029768e30", "isDeleted:":"true", "version":"1719632486862"}}
{"logTime": "0630/130026", "correlationVector":"2feJmeXOd02ZTmoq1eDIep.145","action":"GetUpdates", "result":"DeleteReceived", "context":{"id":"a36548f6-c6c1-46cc-bdfc-4bb71cb1dbe9", "isDeleted:":"true", "version":"1719632538146"}}
{"logTime": "0630/130026", "correlationVector":"2feJmeXOd02ZTmoq1eDIep.146","action":"GetUpdates", "result":"DeleteReceived", "context":{"id":"6423d42e-93ef-4511-a4e9-7368a77ffb99", "isDeleted:":"true", "version":"1719632762099"}}
{"logTime": "0630/130026", "correlationVector":"2feJmeXOd02ZTmoq1eDIep.147","action":"GetUpdates", "result":"DeleteReceived", "context":{"id":"2e3ec297-22eb-42a3-89b8-04bf5af9d480", "isDeleted:":"true", "version":"1719638873286"}}
{"logTime": "0630/130026", "correlationVector":"2feJmeXOd02ZTmoq1eDIep.148","action":"GetUpdates", "result":"DeleteReceived", "context":{"id":"791c549f-834b-4d54-b1ae-04a8eb85260d", "isDeleted:":"true", "version":"1719638873287"}}
{"logTime": "0630/130026", "correlationVector":"2feJmeXOd02ZTmoq1eDIep.149","action":"GetUpdates", "result":"DeleteReceived", "context":{"id":"8ac711b6-d89d-44d5-b7be-aa181bd34f28", "isDeleted:":"true", "version":"1719638873290"}}
{"logTime": "0630/130026", "correlationVector":"2feJmeXOd02ZTmoq1eDIep.150","action":"GetUpdates", "result":"DeleteReceived", "context":{"id":"0c247821-49b0-441d-bd96-9df10029bce4", "isDeleted:":"true", "version":"1719642286920"}}
{"logTime": "0630/130026", "correlationVector":"2feJmeXOd02ZTmoq1eDIep.151","action":"GetUpdates", "result":"DeleteReceived", "context":{"id":"bf91fdc0-4df2-4f49-a83b-7e39fbc3f151", "isDeleted:":"true", "version":"1719644465123"}}
{"logTime": "0630/130026", "correlationVector":"2feJmeXOd02ZTmoq1eDIep.152","action":"GetUpdates", "result":"DeleteReceived", "context":{"id":"9501bf56-6c6e-4eb0-909c-eadda28f2003", "isDeleted:":"true", "version":"1719644529816"}}
{"logTime": "0630/130026", "correlationVector":"2feJmeXOd02ZTmoq1eDIep.153","action":"GetUpdates", "result":"DeleteReceived", "context":{"id":"519da428-2c28-4b37-9ff2-30b65f8080d3", "isDeleted:":"true", "version":"1719644684713"}}
{"logTime": "0630/130026", "correlationVector":"2feJmeXOd02ZTmoq1eDIep.154","action":"GetUpdates", "result":"DeleteReceived", "context":{"id":"c1bc21d3-2bb9-4539-ba70-a6c2c0b76c30", "isDeleted:":"true", "version":"1719647409658"}}
{"logTime": "0630/130026", "correlationVector":"2feJmeXOd02ZTmoq1eDIep.155","action":"GetUpdates", "result":"DeleteReceived", "context":{"id":"1e8bd0d9-b3c4-4e5e-94e1-aedb78f320d7", "isDeleted:":"true", "version":"1719647470679"}}
{"logTime": "0630/130026", "correlationVector":"2feJmeXOd02ZTmoq1eDIep.156","action":"GetUpdates", "result":"DeleteReceived", "context":{"id":"089f7fb1-d8e4-4c50-82a9-5351b86c14db", "isDeleted:":"true", "version":"1719647470683"}}
{"logTime": "0630/130026", "correlationVector":"2feJmeXOd02ZTmoq1eDIep.157","action":"GetUpdates", "result":"DeleteReceived", "context":{"id":"13d9a144-d275-4c84-8bc7-b36f30ba5989", "isDeleted:":"true", "version":"1719647509902"}}
{"logTime": "0630/130026", "correlationVector":"2feJmeXOd02ZTmoq1eDIep.158","action":"GetUpdates", "result":"DeleteReceived", "context":{"id":"1639ca77-cb8e-48f8-9c82-c73cb210db19", "isDeleted:":"true", "version":"1719647509903"}}
{"logTime": "0630/130026", "correlationVector":"2feJmeXOd02ZTmoq1eDIep.159","action":"GetUpdates", "result":"DeleteReceived", "context":{"id":"8be5d0bc-b78d-4f9c-87b8-084d0246daf5", "isDeleted:":"true", "version":"1719647509904"}}
{"logTime": "0630/130026", "correlationVector":"2feJmeXOd02ZTmoq1eDIep.160","action":"GetUpdates", "result":"DeleteReceived", "context":{"id":"600eeeec-77bd-4af5-8f49-8775bb6da3f1", "isDeleted:":"true", "version":"1719647509906"}}
{"logTime": "0630/130026", "correlationVector":"2feJmeXOd02ZTmoq1eDIep.161","action":"GetUpdates", "result":"DeleteReceived", "context":{"id":"0685afeb-2198-4d02-933e-ee629b908e66", "isDeleted:":"true", "version":"1719649451430"}}
{"logTime": "0630/130026", "correlationVector":"2feJmeXOd02ZTmoq1eDIep.162","action":"GetUpdates", "result":"DeleteReceived", "context":{"id":"6fca0291-2184-4195-9b54-424e845cccce", "isDeleted:":"true", "version":"1719649451432"}}
{"logTime": "0630/130026", "correlationVector":"2feJmeXOd02ZTmoq1eDIep.163","action":"GetUpdates", "result":"DeleteReceived", "context":{"id":"59748b93-f9bc-461a-9b98-1ca8d9777fa5", "isDeleted:":"true", "version":"1719649451433"}}
{"logTime": "0630/130026", "correlationVector":"2feJmeXOd02ZTmoq1eDIep.164","action":"GetUpdates", "result":"DeleteReceived", "context":{"id":"22fa932e-cf35-4b15-8dd3-5e90e678dd8a", "isDeleted:":"true", "version":"1719649451435"}}
{"logTime": "0630/130026", "correlationVector":"2feJmeXOd02ZTmoq1eDIep.165","action":"GetUpdates", "result":"DeleteReceived", "context":{"id":"15443d2d-fb76-4232-94c3-e4d715460f64", "isDeleted:":"true", "version":"1719649451436"}}
{"logTime": "0630/130026", "correlationVector":"2feJmeXOd02ZTmoq1eDIep.166","action":"GetUpdates", "result":"DeleteReceived", "context":{"id":"b4b438a4-b285-4449-add0-45f1f546b4b5", "isDeleted:":"true", "version":"1719650100364"}}
{"logTime": "0630/130026", "correlationVector":"2feJmeXOd02ZTmoq1eDIep.167","action":"GetUpdates", "result":"DeleteReceived", "context":{"id":"00f38149-b948-41e8-a679-ad784e006078", "isDeleted:":"true", "version":"1719651618262"}}
{"logTime": "0630/130026", "correlationVector":"2feJmeXOd02ZTmoq1eDIep.168","action":"GetUpdates", "result":"DeleteReceived", "context":{"id":"50089de9-4cbf-490b-bbe7-aab284b605b5", "isDeleted:":"true", "version":"1719727831086"}}
{"logTime": "0630/130026", "correlationVector":"2feJmeXOd02ZTmoq1eDIep.169","action":"GetUpdates", "result":"DeleteReceived", "context":{"id":"72485dc2-28f4-4a21-8436-f5615c8a45c4", "isDeleted:":"true", "version":"1719727831090"}}
{"logTime": "0630/130026", "correlationVector":"2feJmeXOd02ZTmoq1eDIep.170","action":"GetUpdates", "result":"DeleteReceived", "context":{"id":"1e743d23-9716-4c83-814d-5d3fe6a4573c", "isDeleted:":"true", "version":"1719730440475"}}
{"logTime": "0630/130026", "correlationVector":"2feJmeXOd02ZTmoq1eDIep.171","action":"GetUpdates", "result":"DeleteReceived", "context":{"id":"3910b1fc-40cc-452d-bc8e-59e3686ca8c3", "isDeleted:":"true", "version":"1719730485544"}}
{"logTime": "0630/130026", "correlationVector":"2feJmeXOd02ZTmoq1eDIep.172","action":"GetUpdates", "result":"DeleteReceived", "context":{"id":"1535af48-ceec-4fc0-91a5-fcdf5c9cf21e", "isDeleted:":"true", "version":"1719730735382"}}
{"logTime": "0630/130026", "correlationVector":"2feJmeXOd02ZTmoq1eDIep.173","action":"GetUpdates", "result":"DeleteReceived", "context":{"id":"6f8eece7-69ef-41fd-ac6e-cda5741cc6f7", "isDeleted:":"true", "version":"1719730818188"}}
{"logTime": "0630/130026", "correlationVector":"2feJmeXOd02ZTmoq1eDIep.174","action":"GetUpdates", "result":"DeleteReceived", "context":{"id":"9039cc32-03f9-4f2c-a037-957c4aac1a26", "isDeleted:":"true", "version":"1719731853957"}}
{"logTime": "0630/130026", "correlationVector":"2feJmeXOd02ZTmoq1eDIep.175","action":"GetUpdates", "result":"DeleteReceived", "context":{"id":"40d48d76-096e-4b42-94f1-067855835d09", "isDeleted:":"true", "version":"1719733461061"}}
{"logTime": "0630/130026", "correlationVector":"2feJmeXOd02ZTmoq1eDIep.176","action":"GetUpdates", "result":"DeleteReceived", "context":{"id":"f05dced5-5c56-430d-8d74-043566f70761", "isDeleted:":"true", "version":"1719733525721"}}
{"logTime": "0630/130026", "correlationVector":"2feJmeXOd02ZTmoq1eDIep.177","action":"GetUpdates", "result":"DeleteReceived", "context":{"id":"6b1fef4a-6cbe-4ced-859e-04b4020a5745", "isDeleted:":"true", "version":"1719733525722"}}
{"logTime": "0630/130026", "correlationVector":"2feJmeXOd02ZTmoq1eDIep.178","action":"GetUpdates", "result":"DeleteReceived", "context":{"id":"51e67419-6ee5-4963-bb4a-4c5275a4687e", "isDeleted:":"true", "version":"1719733525723"}}
{"logTime": "0630/130026", "correlationVector":"2feJmeXOd02ZTmoq1eDIep.179","action":"GetUpdates", "result":"DeleteReceived", "context":{"id":"7ed6eb25-29ce-4cd4-8ee5-c79f1f2c8f26", "isDeleted:":"true", "version":"1719733525724"}}
{"logTime": "0630/130026", "correlationVector":"2feJmeXOd02ZTmoq1eDIep.180","action":"GetUpdates", "result":"DeleteReceived", "context":{"id":"01ccc51c-a3fb-47ef-a6d4-c1ae34c83a6d", "isDeleted:":"true", "version":"1719733525725"}}
{"logTime": "0630/130026", "correlationVector":"2feJmeXOd02ZTmoq1eDIep.181","action":"GetUpdates", "result":"DeleteReceived", "context":{"id":"92300537-4e0a-49e9-a15b-a644a29cfd48", "isDeleted:":"true", "version":"1719735501358"}}
{"logTime": "0630/130026", "correlationVector":"2feJmeXOd02ZTmoq1eDIep.182","action":"GetUpdates", "result":"DeleteReceived", "context":{"id":"7c7f636a-77c8-4685-b69a-f5e185b2e0c3", "isDeleted:":"true", "version":"1719736530477"}}
{"logTime": "0630/130026", "correlationVector":"2feJmeXOd02ZTmoq1eDIep.183","action":"GetUpdates", "result":"DeleteReceived", "context":{"id":"ae75e4d6-6ca4-4f7d-a2b3-0fd77f9adb14", "isDeleted:":"true", "version":"1719739251124"}}
{"logTime": "0630/130026", "correlationVector":"2feJmeXOd02ZTmoq1eDIep.184","action":"GetUpdates", "result":"DeleteReceived", "context":{"id":"741e022b-79be-43fb-ae3a-e4bbbdc5a142", "isDeleted:":"true", "version":"1719741905367"}}
{"logTime": "0630/130026", "correlationVector":"2feJmeXOd02ZTmoq1eDIep.185","action":"GetUpdates", "result":"DeleteReceived", "context":{"id":"4d5fca82-7f16-4649-9702-a09ae7f4e9cd", "isDeleted:":"true", "version":"1719741905368"}}
{"logTime": "0630/130026", "correlationVector":"2feJmeXOd02ZTmoq1eDIep.186","action":"GetUpdates", "result":"DeleteReceived", "context":{"id":"8158ee10-72ef-457e-bb83-b6e988dec65a", "isDeleted:":"true", "version":"1719748251079"}}
{"logTime": "0630/130026", "correlationVector":"2feJmeXOd02ZTmoq1eDIep.187","action":"GetUpdates", "result":"DeleteReceived", "context":{"id":"e49ac33a-41a5-44ae-92ba-c46eb8acf95c", "isDeleted:":"true", "version":"1719748251080"}}
{"logTime": "0630/130026", "correlationVector":"2feJmeXOd02ZTmoq1eDIep.188","action":"GetUpdates", "result":"DeleteReceived", "context":{"id":"d3de129f-800f-4c82-b537-9a409b23811a", "isDeleted:":"true", "version":"1719751123949"}}
{"logTime": "0630/130026", "correlationVector":"2feJmeXOd02ZTmoq1eDIep.189","action":"GetUpdates", "result":"DeleteReceived", "context":{"id":"4d46fc47-9f1c-4468-a7fa-7bf01c167390", "isDeleted:":"true", "version":"1719751947906"}}
{"logTime": "0630/130026", "correlationVector":"2feJmeXOd02ZTmoq1eDIep.190","action":"GetUpdates Response", "result":"Success", "context":Received 250 update(s). cV=2feJmeXOd02ZTmoq1eDIep.0;server=GENERAL03000023;cloudType=Consumer;environment=Prod_SoutheastAsia_000j;migrationStage=NotStarted Some updates remain.}
{"logTime": "0630/130026", "correlationVector":"v3ezlf4FqR8lzX84B1DeHu","action":"Initial GetUpdates", "result":"", "context":Reason: RECONFIGURATION. cV=v3ezlf4FqR8lzX84B1DeHu}
{"logTime": "0630/130026", "correlationVector":"v3ezlf4FqR8lzX84B1DeHu.1","action":"SyncServerConnectionManagerRequest", "result":"SYNC_SERVER_OK", "context":{"environment":"Prod_SoutheastAsia_000j", "migrationStage":"NotStarted", "server":"GENERAL03000039"}}
{"logTime": "0630/130026", "correlationVector":"v3ezlf4FqR8lzX84B1DeHu.2","action":"GetUpdates", "result":"DeleteReceived", "context":{"id":"9f7b6190-8dce-4a5f-b9bf-13a808b94098", "isDeleted:":"true", "version":"1719751980572"}}
{"logTime": "0630/130026", "correlationVector":"v3ezlf4FqR8lzX84B1DeHu.3","action":"GetUpdates", "result":"DeleteReceived", "context":{"id":"efea8c15-764b-4327-9571-5d40e31af97b", "isDeleted:":"true", "version":"1719752011778"}}
{"logTime": "0630/130026", "correlationVector":"v3ezlf4FqR8lzX84B1DeHu.4","action":"GetUpdates", "result":"DeleteReceived", "context":{"id":"b9b24d4a-8078-4c2e-a943-127075029bbc", "isDeleted:":"true", "version":"1719752274263"}}
{"logTime": "0630/130026", "correlationVector":"v3ezlf4FqR8lzX84B1DeHu.5","action":"GetUpdates Response", "result":"Success", "context":Received 10 update(s). cV=v3ezlf4FqR8lzX84B1DeHu.0;server=GENERAL03000039;cloudType=Consumer;environment=Prod_SoutheastAsia_000j;migrationStage=NotStarted}
{"logTime": "0630/130026", "correlationVector":"WSJIfufAqMCUWr+a/1s38H","action":"Normal GetUpdate request", "result":"", "context":cV=WSJIfufAqMCUWr+a/1s38H
Nudged types: Bookmarks, Sessions, Device Info
Refresh requested types: Bookmarks, Preferences, Passwords, Autofill Profiles, Autofill, Typed URLs, Extensions, Sessions, Extension settings, History Delete Directives, Device Info, User Consents, Send Tab To Self, Web Apps, Collection, Edge E Drop, Edge Hub App Usage, Edge Tab Group, Edge Wallet, Encryption Keys}
{"logTime": "0630/130026", "correlationVector":"WSJIfufAqMCUWr+a/1s38H.1","action":"SyncServerConnectionManagerRequest", "result":"SYNC_SERVER_OK", "context":{"environment":"Prod_SoutheastAsia_000j", "migrationStage":"NotStarted", "server":"GENERAL03000012"}}
{"logTime": "0630/130026", "correlationVector":"WSJIfufAqMCUWr+a/1s38H.2","action":"GetUpdates Response", "result":"Success", "context":Received 0 update(s). cV=WSJIfufAqMCUWr+a/1s38H.0;server=GENERAL03000012;cloudType=Consumer;environment=Prod_SoutheastAsia_000j;migrationStage=NotStarted}
{"logTime": "0630/130026", "correlationVector":"EsvkHbFOP6ZCxFdhvoU7SP","action":"Commit Request", "result":"", "context":Item count: 40
Contributing types: Bookmarks, Device Info}
{"logTime": "0630/130027", "correlationVector":"EsvkHbFOP6ZCxFdhvoU7SP.1","action":"SyncServerConnectionManagerRequest", "result":"SYNC_SERVER_OK", "context":{"environment":"Prod_SoutheastAsia_000j", "migrationStage":"NotStarted", "server":"GENERAL0300000Z"}}
{"logTime": "0630/130027", "correlationVector":"EsvkHbFOP6ZCxFdhvoU7SP.2","action":"Commit Response", "result":"Success", "context":Result: Success. cV=EsvkHbFOP6ZCxFdhvoU7SP.0;server=GENERAL0300000Z;cloudType=Consumer;environment=Prod_SoutheastAsia_000j;migrationStage=NotStarted}
{"logTime": "0630/130027", "correlationVector":"bp0S4pu9UaZEGzvDSfrlN/","action":"Commit Request", "result":"", "context":Item count: 13
Contributing types: Bookmarks, Typed URLs, Sessions}
{"logTime": "0630/130027", "correlationVector":"bp0S4pu9UaZEGzvDSfrlN/.1","action":"SyncServerConnectionManagerRequest", "result":"SYNC_SERVER_OK", "context":{"environment":"Prod_SoutheastAsia_000j", "migrationStage":"NotStarted", "server":"GENERAL0100000V"}}
{"logTime": "0630/130027", "correlationVector":"bp0S4pu9UaZEGzvDSfrlN/.2","action":"Commit Response", "result":"Success", "context":Result: Success. cV=bp0S4pu9UaZEGzvDSfrlN/.0;server=GENERAL0100000V;cloudType=Consumer;environment=Prod_SoutheastAsia_000j;migrationStage=NotStarted}
{"logTime": "0630/130109", "correlationVector":"garhRYEBfjw8eCO9qR4eRQ","action":"Commit Request", "result":"", "context":Item count: 1
Contributing types: Sessions}
{"logTime": "0630/130109", "correlationVector":"garhRYEBfjw8eCO9qR4eRQ.1","action":"SyncServerConnectionManagerRequest", "result":"SYNC_SERVER_OK", "context":{"environment":"Prod_SoutheastAsia_000j", "migrationStage":"NotStarted", "server":"GENERAL0300000S"}}
{"logTime": "0630/130109", "correlationVector":"garhRYEBfjw8eCO9qR4eRQ.2","action":"Commit Response", "result":"Success", "context":Result: Success. cV=garhRYEBfjw8eCO9qR4eRQ.0;server=GENERAL0300000S;cloudType=Consumer;environment=Prod_SoutheastAsia_000j;migrationStage=NotStarted}
{"logTime": "0630/130505", "correlationVector":"D7fLxRvEai8YR0SoolP3Iw","action":"Normal GetUpdate request", "result":"", "context":cV=D7fLxRvEai8YR0SoolP3Iw
Refresh requested types: Bookmarks, Preferences, Passwords, Autofill Profiles, Autofill, Typed URLs, Extensions, Sessions, Extension settings, History Delete Directives, Device Info, User Consents, Send Tab To Self, Web Apps, Collection, Edge E Drop, Edge Hub App Usage, Edge Tab Group, Edge Wallet, Encryption Keys}
{"logTime": "0630/130505", "correlationVector":"D7fLxRvEai8YR0SoolP3Iw.1","action":"SyncServerConnectionManagerRequest", "result":"SYNC_SERVER_OK", "context":{"environment":"Prod_SoutheastAsia_000j", "migrationStage":"NotStarted", "server":"GENERAL03000011"}}
{"logTime": "0630/130505", "correlationVector":"D7fLxRvEai8YR0SoolP3Iw.2","action":"GetUpdates Response", "result":"Success", "context":Received 55 update(s). cV=D7fLxRvEai8YR0SoolP3Iw.0;server=GENERAL03000011;cloudType=Consumer;environment=Prod_SoutheastAsia_000j;migrationStage=NotStarted}
{"logTime": "0630/132038", "correlationVector":"GgEc55L5aKchEFauWjK1as","action":"Normal GetUpdate request", "result":"", "context":cV=GgEc55L5aKchEFauWjK1as
Notified types: Passwords, Autofill, Typed URLs}
{"logTime": "0630/132038", "correlationVector":"GgEc55L5aKchEFauWjK1as.1","action":"SyncServerConnectionManagerRequest", "result":"SYNC_SERVER_OK", "context":{"environment":"Prod_SoutheastAsia_000j", "migrationStage":"NotStarted", "server":"GENERAL0300001S"}}
{"logTime": "0630/132038", "correlationVector":"GgEc55L5aKchEFauWjK1as.2","action":"GetUpdates Response", "result":"Success", "context":Received 10 update(s). cV=GgEc55L5aKchEFauWjK1as.0;server=GENERAL0300001S;cloudType=Consumer;environment=Prod_SoutheastAsia_000j;migrationStage=NotStarted}
{"logTime": "0630/132040", "correlationVector":"BYmUCfmSW+dfhcS9RElSl5","action":"Commit Request", "result":"", "context":Item count: 2
Contributing types: Preferences, Passwords}
{"logTime": "0630/132040", "correlationVector":"BYmUCfmSW+dfhcS9RElSl5.1","action":"SyncServerConnectionManagerRequest", "result":"SYNC_SERVER_OK", "context":{"environment":"Prod_SoutheastAsia_000j", "migrationStage":"NotStarted", "server":"GENERAL0300000I"}}
{"logTime": "0630/132040", "correlationVector":"BYmUCfmSW+dfhcS9RElSl5.2","action":"Commit Response", "result":"Success", "context":Result: Success. cV=BYmUCfmSW+dfhcS9RElSl5.0;server=GENERAL0300000I;cloudType=Consumer;environment=Prod_SoutheastAsia_000j;migrationStage=NotStarted}
{"logTime": "0630/132040", "correlationVector":"BYmUCfmSW+dfhcS9RElSl5.3","action":"Commit.Preferences", "result":"Conflict", "context":{"id":"efd44ab1-813b-4d80-84b1-74d950edd1ec", "isDeleted":"false", "size":"68", "version":"1719647341342"}}
{"logTime": "0630/132040", "correlationVector":"BYmUCfmSW+dfhcS9RElSl5.4","action":"Commit.Passwords", "result":"Conflict", "context":{"id":"815c9544-5432-4476-a52a-93beeda8f98d", "isDeleted":"false", "size":"770", "version":"1719753631445"}}
{"logTime": "0630/132041", "correlationVector":"Creosg0CUGgKxFYCj/sBIR","action":"Normal GetUpdate request", "result":"", "context":cV=Creosg0CUGgKxFYCj/sBIR
Nudged types: Preferences, Passwords
Notified types: Preferences, Passwords, Typed URLs}
{"logTime": "0630/132041", "correlationVector":"Creosg0CUGgKxFYCj/sBIR.1","action":"SyncServerConnectionManagerRequest", "result":"SYNC_SERVER_OK", "context":{"environment":"Prod_SoutheastAsia_000j", "migrationStage":"NotStarted", "server":"GENERAL0300000N"}}
{"logTime": "0630/132041", "correlationVector":"Creosg0CUGgKxFYCj/sBIR.2","action":"GetUpdates Response", "result":"Success", "context":Received 4 update(s). cV=Creosg0CUGgKxFYCj/sBIR.0;server=GENERAL0300000N;cloudType=Consumer;environment=Prod_SoutheastAsia_000j;migrationStage=NotStarted}
{"logTime": "0630/141347", "correlationVector":"N7dhMyvK4mXbwfnab4lArF","action":"Normal GetUpdate request", "result":"", "context":cV=N7dhMyvK4mXbwfnab4lArF
Notified types: Typed URLs}
{"logTime": "0630/141347", "correlationVector":"N7dhMyvK4mXbwfnab4lArF.1","action":"SyncServerConnectionManagerRequest", "result":"SYNC_SERVER_OK", "context":{"environment":"Prod_SoutheastAsia_000j", "migrationStage":"NotStarted", "server":"GENERAL0300000G"}}
{"logTime": "0630/141347", "correlationVector":"N7dhMyvK4mXbwfnab4lArF.2","action":"GetUpdates", "result":"DeleteReceived", "context":{"id":"0887b90e-70a3-498d-9831-0bef566d3fd6", "isDeleted:":"true", "version":"1719753715575"}}
{"logTime": "0630/141347", "correlationVector":"N7dhMyvK4mXbwfnab4lArF.3","action":"GetUpdates", "result":"DeleteReceived", "context":{"id":"c16db682-76b7-4213-bfcb-4fe669ea6a2e", "isDeleted:":"true", "version":"1719753715578"}}
{"logTime": "0630/141347", "correlationVector":"N7dhMyvK4mXbwfnab4lArF.4","action":"GetUpdates", "result":"DeleteReceived", "context":{"id":"36226e67-fb6e-4c42-b1d9-443ee331616d", "isDeleted:":"true", "version":"1719753895952"}}
{"logTime": "0630/141347", "correlationVector":"N7dhMyvK4mXbwfnab4lArF.5","action":"GetUpdates", "result":"DeleteReceived", "context":{"id":"a301c5b4-6e69-4fa5-85e9-1329fcb89180", "isDeleted:":"true", "version":"1719753926747"}}
{"logTime": "0630/141347", "correlationVector":"N7dhMyvK4mXbwfnab4lArF.6","action":"GetUpdates Response", "result":"Success", "context":Received 10 update(s). cV=N7dhMyvK4mXbwfnab4lArF.0;server=GENERAL0300000G;cloudType=Consumer;environment=Prod_SoutheastAsia_000j;migrationStage=NotStarted}
{"logTime": "0630/160805", "correlationVector":"RVzzvwAeqmwVbB2uvrRVKy","action":"Commit Request", "result":"", "context":Item count: 1
Contributing types: Typed URLs}
{"logTime": "0630/160805", "correlationVector":"RVzzvwAeqmwVbB2uvrRVKy.1","action":"SyncServerConnectionManagerRequest", "result":"SYNC_SERVER_OK", "context":{"environment":"Prod_SoutheastAsia_000j", "migrationStage":"NotStarted", "server":"GENERAL03000024"}}
{"logTime": "0630/160805", "correlationVector":"RVzzvwAeqmwVbB2uvrRVKy.2","action":"Commit Response", "result":"Success", "context":Result: Success. cV=RVzzvwAeqmwVbB2uvrRVKy.0;server=GENERAL03000024;cloudType=Consumer;environment=Prod_SoutheastAsia_000j;migrationStage=NotStarted}
{"logTime": "0701/151614", "correlationVector":"jfF+P3mBq4vSRCZU+6w4Xh.1","action":"SyncServerConnectionManagerRequest", "result":"SYNC_SERVER_OK", "context":{"environment":"Prod_SoutheastAsia_000j", "migrationStage":"NotStarted", "server":"GENERAL0100000J"}}
{"logTime": "0701/151614", "correlationVector":"BQ/GhuZA4ekEklmbNpIB4Q","action":"SyncServerConnectionManagerRequest", "result":"SYNC_SERVER_OK", "context":{"environment":"", "migrationStage":"", "server":""}}
{"logTime": "0701/151614", "correlationVector":"jfF+P3mBq4vSRCZU+6w4Xh","action":"Initial GetUpdates", "result":"", "context":Reason: NEW_CLIENT. cV=jfF+P3mBq4vSRCZU+6w4Xh}
{"logTime": "0701/151614", "correlationVector":"jfF+P3mBq4vSRCZU+6w4Xh.2","action":"GetUpdates Response", "result":"Success", "context":Received 1 update(s). cV=jfF+P3mBq4vSRCZU+6w4Xh.0;server=GENERAL0100000J;cloudType=Consumer;environment=Prod_SoutheastAsia_000j;migrationStage=NotStarted}
{"logTime": "0701/151614", "correlationVector":"Uexo9FQ+KgDblzLv7yO5Ov","action":"Initial GetUpdates", "result":"", "context":Reason: NEWLY_SUPPORTED_DATATYPE. cV=Uexo9FQ+KgDblzLv7yO5Ov}
{"logTime": "0701/151614", "correlationVector":"Uexo9FQ+KgDblzLv7yO5Ov.1","action":"SyncServerConnectionManagerRequest", "result":"SYNC_SERVER_OK", "context":{"environment":"Prod_SoutheastAsia_000j", "migrationStage":"NotStarted", "server":"GENERAL03000032"}}
{"logTime": "0701/151614", "correlationVector":"Uexo9FQ+KgDblzLv7yO5Ov.2","action":"GetUpdates", "result":"DeleteReceived", "context":{"id":"6ba8b3f5-82a2-419c-9bc2-d481ffb8b59b", "isDeleted:":"true", "version":"1689618632692"}}
{"logTime": "0701/151614", "correlationVector":"Uexo9FQ+KgDblzLv7yO5Ov.3","action":"GetUpdates", "result":"DeleteReceived", "context":{"id":"079cc71d-e05e-4a4d-91dd-85fcf0298439", "isDeleted:":"true", "version":"1696220087561"}}
{"logTime": "0701/151614", "correlationVector":"Uexo9FQ+KgDblzLv7yO5Ov.4","action":"GetUpdates", "result":"DeleteReceived", "context":{"id":"98f5f1fa-269f-4a2b-bd38-9e97e93827e8", "isDeleted:":"true", "version":"1696220088290"}}
{"logTime": "0701/151614", "correlationVector":"Uexo9FQ+KgDblzLv7yO5Ov.5","action":"GetUpdates", "result":"DeleteReceived", "context":{"id":"d8bbe1a2-9701-4ea0-a385-9c34edbfa7e5", "isDeleted:":"true", "version":"1696220091123"}}
{"logTime": "0701/151614", "correlationVector":"Uexo9FQ+KgDblzLv7yO5Ov.6","action":"GetUpdates", "result":"DeleteReceived", "context":{"id":"a1a17660-a3fa-4d66-92af-bc3388eb4abe", "isDeleted:":"true", "version":"1696220092125"}}
{"logTime": "0701/151614", "correlationVector":"Uexo9FQ+KgDblzLv7yO5Ov.7","action":"GetUpdates", "result":"DeleteReceived", "context":{"id":"c5e103ce-bee1-417b-9a41-7b559ee0803f", "isDeleted:":"true", "version":"1696220097915"}}
{"logTime": "0701/151614", "correlationVector":"Uexo9FQ+KgDblzLv7yO5Ov.8","action":"GetUpdates", "result":"DeleteReceived", "context":{"id":"d0e2620c-f9fa-4f0f-8bc6-e748c05e0df6", "isDeleted:":"true", "version":"1707277814863"}}
{"logTime": "0701/151614", "correlationVector":"Uexo9FQ+KgDblzLv7yO5Ov.9","action":"GetUpdates", "result":"DeleteReceived", "context":{"id":"863cc08c-1a85-40d5-b69c-0402f8a82e7b", "isDeleted:":"true", "version":"1708408365430"}}
{"logTime": "0701/151614", "correlationVector":"Uexo9FQ+KgDblzLv7yO5Ov.10","action":"GetUpdates", "result":"DeleteReceived", "context":{"id":"9885da9f-266d-44a0-8c9e-991de751531d", "isDeleted:":"true", "version":"1708840833448"}}
{"logTime": "0701/151614", "correlationVector":"Uexo9FQ+KgDblzLv7yO5Ov.11","action":"GetUpdates Response", "result":"Success", "context":Received 67 update(s). cV=Uexo9FQ+KgDblzLv7yO5Ov.0;server=GENERAL03000032;cloudType=Consumer;environment=Prod_SoutheastAsia_000j;migrationStage=NotStarted}
{"logTime": "0701/151614", "correlationVector":"kTGgDp1M2IbUqgVHuuZEQX","action":"Normal GetUpdate request", "result":"", "context":cV=kTGgDp1M2IbUqgVHuuZEQX
Nudged types: Sessions, Device Info
Refresh requested types: Bookmarks, Preferences, Passwords, Autofill Profiles, Autofill, Typed URLs, Extensions, Sessions, Extension settings, History Delete Directives, Device Info, User Consents, Send Tab To Self, Web Apps, Collection, Edge E Drop, Edge Hub App Usage, Edge Tab Group, Edge Wallet, Encryption Keys}
{"logTime": "0701/151614", "correlationVector":"kTGgDp1M2IbUqgVHuuZEQX.1","action":"SyncServerConnectionManagerRequest", "result":"SYNC_SERVER_OK", "context":{"environment":"Prod_SoutheastAsia_000j", "migrationStage":"NotStarted", "server":"GENERAL0300001I"}}
{"logTime": "0701/151614", "correlationVector":"kTGgDp1M2IbUqgVHuuZEQX.2","action":"GetUpdates", "result":"DeleteReceived", "context":{"id":"4639100c-c5cc-4f6b-a22c-1b2b2efea22c", "isDeleted:":"true", "version":"1719756900076"}}
{"logTime": "0701/151614", "correlationVector":"kTGgDp1M2IbUqgVHuuZEQX.3","action":"GetUpdates", "result":"DeleteReceived", "context":{"id":"f25b5d76-a2ff-413e-879a-b7aa077d45ea", "isDeleted:":"true", "version":"1719757067299"}}
{"logTime": "0701/151614", "correlationVector":"kTGgDp1M2IbUqgVHuuZEQX.4","action":"GetUpdates", "result":"DeleteReceived", "context":{"id":"d99c5821-f111-4ce6-aa26-5982c7be0ca6", "isDeleted:":"true", "version":"1719757116303"}}
{"logTime": "0701/151614", "correlationVector":"kTGgDp1M2IbUqgVHuuZEQX.5","action":"GetUpdates", "result":"DeleteReceived", "context":{"id":"5322ac7f-b127-468f-a370-52615cdd6bbc", "isDeleted:":"true", "version":"1719757323847"}}
{"logTime": "0701/151614", "correlationVector":"kTGgDp1M2IbUqgVHuuZEQX.6","action":"GetUpdates", "result":"DeleteReceived", "context":{"id":"b6e13088-fee6-4bad-9ec8-6b074dc6d8b6", "isDeleted:":"true", "version":"1719757386766"}}
{"logTime": "0701/151614", "correlationVector":"kTGgDp1M2IbUqgVHuuZEQX.7","action":"GetUpdates", "result":"DeleteReceived", "context":{"id":"cd12e351-b481-438d-be63-d7081d24faa8", "isDeleted:":"true", "version":"1719764484108"}}
{"logTime": "0701/151614", "correlationVector":"kTGgDp1M2IbUqgVHuuZEQX.8","action":"GetUpdates", "result":"DeleteReceived", "context":{"id":"4b49d832-093f-4b77-975c-7350f452f90e", "isDeleted:":"true", "version":"1719765872820"}}
{"logTime": "0701/151614", "correlationVector":"kTGgDp1M2IbUqgVHuuZEQX.9","action":"GetUpdates", "result":"DeleteReceived", "context":{"id":"fa38ed8b-f753-46d3-bb14-fbbdb3af9b92", "isDeleted:":"true", "version":"1719765872821"}}
{"logTime": "0701/151614", "correlationVector":"kTGgDp1M2IbUqgVHuuZEQX.10","action":"GetUpdates", "result":"DeleteReceived", "context":{"id":"cd23c27f-d8df-4794-a700-80f49526d6f2", "isDeleted:":"true", "version":"1719765872822"}}
{"logTime": "0701/151614", "correlationVector":"kTGgDp1M2IbUqgVHuuZEQX.11","action":"GetUpdates", "result":"DeleteReceived", "context":{"id":"432f0385-a7e7-4c2a-a202-e85a8406e7ee", "isDeleted:":"true", "version":"1719811944982"}}
{"logTime": "0701/151614", "correlationVector":"kTGgDp1M2IbUqgVHuuZEQX.12","action":"GetUpdates", "result":"DeleteReceived", "context":{"id":"22adbbd0-3218-43b7-a29f-b5fc98248adb", "isDeleted:":"true", "version":"1719812275667"}}
{"logTime": "0701/151614", "correlationVector":"kTGgDp1M2IbUqgVHuuZEQX.13","action":"GetUpdates", "result":"DeleteReceived", "context":{"id":"4da67283-a761-4438-8ffc-bb86162c1f90", "isDeleted:":"true", "version":"1719812951025"}}
{"logTime": "0701/151614", "correlationVector":"kTGgDp1M2IbUqgVHuuZEQX.14","action":"GetUpdates", "result":"DeleteReceived", "context":{"id":"38d9d474-d071-44d2-81c1-2e2b4a09d444", "isDeleted:":"true", "version":"1719813459629"}}
{"logTime": "0701/151614", "correlationVector":"kTGgDp1M2IbUqgVHuuZEQX.15","action":"GetUpdates", "result":"DeleteReceived", "context":{"id":"172b9833-4814-4502-9c5e-09e9b4d521f4", "isDeleted:":"true", "version":"1719814197854"}}
{"logTime": "0701/151614", "correlationVector":"kTGgDp1M2IbUqgVHuuZEQX.16","action":"GetUpdates", "result":"DeleteReceived", "context":{"id":"377943e3-db5b-496d-b7ac-aabec6d19f48", "isDeleted:":"true", "version":"1719814236263"}}
{"logTime": "0701/151614", "correlationVector":"kTGgDp1M2IbUqgVHuuZEQX.17","action":"GetUpdates", "result":"DeleteReceived", "context":{"id":"cf3e6360-fab5-423b-ada0-7343838a1ca5", "isDeleted:":"true", "version":"1719814236264"}}
{"logTime": "0701/151614", "correlationVector":"kTGgDp1M2IbUqgVHuuZEQX.18","action":"GetUpdates", "result":"DeleteReceived", "context":{"id":"6b074acd-c340-49b6-9ee1-6732770a71d3", "isDeleted:":"true", "version":"1719814389073"}}
{"logTime": "0701/151614", "correlationVector":"kTGgDp1M2IbUqgVHuuZEQX.19","action":"GetUpdates", "result":"DeleteReceived", "context":{"id":"7f39fe6f-3ef8-4fdc-ae86-2952b4f58946", "isDeleted:":"true", "version":"1719815067515"}}
{"logTime": "0701/151614", "correlationVector":"kTGgDp1M2IbUqgVHuuZEQX.20","action":"GetUpdates", "result":"DeleteReceived", "context":{"id":"be37b0e3-2e62-4bb0-8c74-44fff069cb9e", "isDeleted:":"true", "version":"1719815137415"}}
{"logTime": "0701/151614", "correlationVector":"kTGgDp1M2IbUqgVHuuZEQX.21","action":"GetUpdates", "result":"DeleteReceived", "context":{"id":"c8f7eff1-3dc6-4dbc-96fe-ce4eb5caedf6", "isDeleted:":"true", "version":"1719817449105"}}
{"logTime": "0701/151614", "correlationVector":"kTGgDp1M2IbUqgVHuuZEQX.22","action":"GetUpdates", "result":"DeleteReceived", "context":{"id":"7c460cb9-b1b4-4f84-bf55-29836e71510d", "isDeleted:":"true", "version":"1719817449106"}}
{"logTime": "0701/151614", "correlationVector":"kTGgDp1M2IbUqgVHuuZEQX.23","action":"GetUpdates", "result":"DeleteReceived", "context":{"id":"96fad27b-b3f6-444c-9009-fd6aad4827b5", "isDeleted:":"true", "version":"1719842796173"}}
{"logTime": "0701/151614", "correlationVector":"kTGgDp1M2IbUqgVHuuZEQX.24","action":"GetUpdates", "result":"DeleteReceived", "context":{"id":"383b8008-733e-4184-8b52-04856c0a6d28", "isDeleted:":"true", "version":"1719842796175"}}
{"logTime": "0701/151614", "correlationVector":"kTGgDp1M2IbUqgVHuuZEQX.25","action":"GetUpdates", "result":"DeleteReceived", "context":{"id":"c628ef3f-78ad-4127-8728-c530c2e0c447", "isDeleted:":"true", "version":"1719842796177"}}
{"logTime": "0701/151614", "correlationVector":"kTGgDp1M2IbUqgVHuuZEQX.26","action":"GetUpdates", "result":"DeleteReceived", "context":{"id":"7c70ace4-febc-4480-823b-f2c08a125a68", "isDeleted:":"true", "version":"1719842797686"}}
{"logTime": "0701/151614", "correlationVector":"kTGgDp1M2IbUqgVHuuZEQX.27","action":"GetUpdates", "result":"DeleteReceived", "context":{"id":"4a64b595-f181-4a1d-ad08-4ceaf34f2764", "isDeleted:":"true", "version":"1719842797688"}}
{"logTime": "0701/151614", "correlationVector":"kTGgDp1M2IbUqgVHuuZEQX.28","action":"GetUpdates", "result":"DeleteReceived", "context":{"id":"702b8cbf-05b9-4fa2-be94-5ae5d8c15f9a", "isDeleted:":"true", "version":"1719843159165"}}
{"logTime": "0701/151614", "correlationVector":"kTGgDp1M2IbUqgVHuuZEQX.29","action":"GetUpdates", "result":"DeleteReceived", "context":{"id":"e104e82b-f952-48e8-acab-ab031605e63c", "isDeleted:":"true", "version":"1719843847238"}}
{"logTime": "0701/151614", "correlationVector":"kTGgDp1M2IbUqgVHuuZEQX.30","action":"GetUpdates", "result":"DeleteReceived", "context":{"id":"a37e90ef-889e-46e5-81ba-f7ac8f5d1575", "isDeleted:":"true", "version":"1719844356822"}}
{"logTime": "0701/151614", "correlationVector":"kTGgDp1M2IbUqgVHuuZEQX.31","action":"GetUpdates", "result":"DeleteReceived", "context":{"id":"345a86d4-4454-409f-bd2f-29184303ecd9", "isDeleted:":"true", "version":"1719844356824"}}
{"logTime": "0701/151614", "correlationVector":"kTGgDp1M2IbUqgVHuuZEQX.32","action":"GetUpdates", "result":"DeleteReceived", "context":{"id":"910756a3-9a99-42dc-abe3-05f06fd1491a", "isDeleted:":"true", "version":"1719844356826"}}
{"logTime": "0701/151614", "correlationVector":"kTGgDp1M2IbUqgVHuuZEQX.33","action":"GetUpdates", "result":"DeleteReceived", "context":{"id":"3a9cbe77-dfbe-4290-821c-22b9adc0e6b3", "isDeleted:":"true", "version":"1719844356828"}}
{"logTime": "0701/151614", "correlationVector":"kTGgDp1M2IbUqgVHuuZEQX.34","action":"GetUpdates", "result":"DeleteReceived", "context":{"id":"9d86b149-a960-4a75-9dd0-3aa9a345a46d", "isDeleted:":"true", "version":"1719845075245"}}
{"logTime": "0701/151614", "correlationVector":"kTGgDp1M2IbUqgVHuuZEQX.35","action":"GetUpdates", "result":"DeleteReceived", "context":{"id":"360e5d18-618e-448c-b9a7-afbeee06d376", "isDeleted:":"true", "version":"1719845075248"}}
{"logTime": "0701/151614", "correlationVector":"kTGgDp1M2IbUqgVHuuZEQX.36","action":"GetUpdates", "result":"DeleteReceived", "context":{"id":"d9ce944f-85a6-4345-83b7-a8160e1b967d", "isDeleted:":"true", "version":"1719845372700"}}
{"logTime": "0701/151614", "correlationVector":"kTGgDp1M2IbUqgVHuuZEQX.37","action":"GetUpdates", "result":"DeleteReceived", "context":{"id":"f5e4b9fa-99a0-4086-b60b-f20b1e9fb067", "isDeleted:":"true", "version":"1719845372703"}}
{"logTime": "0701/151614", "correlationVector":"kTGgDp1M2IbUqgVHuuZEQX.38","action":"GetUpdates", "result":"DeleteReceived", "context":{"id":"0895811f-4253-4132-9fc2-960909565234", "isDeleted:":"true", "version":"1719845907122"}}
{"logTime": "0701/151614", "correlationVector":"kTGgDp1M2IbUqgVHuuZEQX.39","action":"GetUpdates", "result":"DeleteReceived", "context":{"id":"fd1c1cfd-3a44-4c24-b352-cdda9392e63e", "isDeleted:":"true", "version":"1719846590590"}}
{"logTime": "0701/151614", "correlationVector":"kTGgDp1M2IbUqgVHuuZEQX.40","action":"GetUpdates", "result":"DeleteReceived", "context":{"id":"6fa7c0cd-7362-459d-9ba9-f417137f1a1b", "isDeleted:":"true", "version":"1719846590591"}}
{"logTime": "0701/151614", "correlationVector":"kTGgDp1M2IbUqgVHuuZEQX.41","action":"GetUpdates", "result":"DeleteReceived", "context":{"id":"4375c64d-b5ce-4dd1-9297-48c2c0ba01a9", "isDeleted:":"true", "version":"1719846590592"}}
{"logTime": "0701/151614", "correlationVector":"kTGgDp1M2IbUqgVHuuZEQX.42","action":"GetUpdates Response", "result":"Success", "context":Received 77 update(s). cV=kTGgDp1M2IbUqgVHuuZEQX.0;server=GENERAL0300001I;cloudType=Consumer;environment=Prod_SoutheastAsia_000j;migrationStage=NotStarted}
{"logTime": "0701/151614", "correlationVector":"WAv1t7udzl8MXadUFJG4/7","action":"Commit Request", "result":"", "context":Item count: 4
Contributing types: Sessions, Device Info}
{"logTime": "0701/151614", "correlationVector":"WAv1t7udzl8MXadUFJG4/7.1","action":"SyncServerConnectionManagerRequest", "result":"SYNC_SERVER_OK", "context":{"environment":"Prod_SoutheastAsia_000j", "migrationStage":"NotStarted", "server":"GENERAL03000000"}}
{"logTime": "0701/151614", "correlationVector":"WAv1t7udzl8MXadUFJG4/7.3","action":"Commit.Sessions", "result":"Success", "context":{"id":"6897948d-997b-42c5-966f-7212a1dc37f4", "isDeleted":"true", "size":"0", "version":"1719752463317"}}
{"logTime": "0701/151614", "correlationVector":"WAv1t7udzl8MXadUFJG4/7.2","action":"Commit Response", "result":"Success", "context":Result: Success. cV=WAv1t7udzl8MXadUFJG4/7.0;server=GENERAL03000000;cloudType=Consumer;environment=Prod_SoutheastAsia_000j;migrationStage=NotStarted}
{"logTime": "0701/151614", "correlationVector":"o+IwxyO+OQDOTcTsaHnsd3","action":"Normal GetUpdate request", "result":"", "context":cV=o+IwxyO+OQDOTcTsaHnsd3
Nudged types: Sessions, Device Info}
{"logTime": "0701/151614", "correlationVector":"o+IwxyO+OQDOTcTsaHnsd3.1","action":"SyncServerConnectionManagerRequest", "result":"SYNC_SERVER_OK", "context":{"environment":"Prod_SoutheastAsia_000j", "migrationStage":"NotStarted", "server":"GENERAL0100000T"}}
{"logTime": "0701/151614", "correlationVector":"o+IwxyO+OQDOTcTsaHnsd3.2","action":"GetUpdates", "result":"DeleteReceived", "context":{"id":"6897948d-997b-42c5-966f-7212a1dc37f4", "isDeleted:":"true", "version":"1719846959069"}}
{"logTime": "0701/151614", "correlationVector":"o+IwxyO+OQDOTcTsaHnsd3.3","action":"GetUpdates Response", "result":"Success", "context":Received 4 update(s). cV=o+IwxyO+OQDOTcTsaHnsd3.0;server=GENERAL0100000T;cloudType=Consumer;environment=Prod_SoutheastAsia_000j;migrationStage=NotStarted}
{"logTime": "0701/151614", "correlationVector":"OYKqOFwm9aY5gaX4ds3sjP","action":"Poll GetUpdate request", "result":"", "context":cV=OYKqOFwm9aY5gaX4ds3sjP}
{"logTime": "0701/151614", "correlationVector":"OYKqOFwm9aY5gaX4ds3sjP.1","action":"SyncServerConnectionManagerRequest", "result":"SYNC_SERVER_OK", "context":{"environment":"Prod_SoutheastAsia_000j", "migrationStage":"NotStarted", "server":"GENERAL03000035"}}
{"logTime": "0701/151614", "correlationVector":"OYKqOFwm9aY5gaX4ds3sjP.2","action":"GetUpdates Response", "result":"Success", "context":Received 0 update(s). cV=OYKqOFwm9aY5gaX4ds3sjP.0;server=GENERAL03000035;cloudType=Consumer;environment=Prod_SoutheastAsia_000j;migrationStage=NotStarted}
{"logTime": "0701/151642", "correlationVector":"7AJ9LdgWwBmLgFC0DFFb+X","action":"Commit Request", "result":"", "context":Item count: 4
Contributing types: Preferences, Passwords, Sessions}
{"logTime": "0701/151642", "correlationVector":"7AJ9LdgWwBmLgFC0DFFb+X.1","action":"SyncServerConnectionManagerRequest", "result":"SYNC_SERVER_OK", "context":{"environment":"Prod_SoutheastAsia_000j", "migrationStage":"NotStarted", "server":"GENERAL01000001"}}
{"logTime": "0701/151642", "correlationVector":"7AJ9LdgWwBmLgFC0DFFb+X.2","action":"Commit Response", "result":"Success", "context":Result: Success. cV=7AJ9LdgWwBmLgFC0DFFb+X.0;server=GENERAL01000001;cloudType=Consumer;environment=Prod_SoutheastAsia_000j;migrationStage=NotStarted}
{"logTime": "0701/151810", "correlationVector":"NMmDxrvOGOBJhG2udloowF","action":"Commit Request", "result":"", "context":Item count: 1
Contributing types: Sessions}
{"logTime": "0701/151810", "correlationVector":"NMmDxrvOGOBJhG2udloowF.1","action":"SyncServerConnectionManagerRequest", "result":"SYNC_SERVER_OK", "context":{"environment":"Prod_SoutheastAsia_000j", "migrationStage":"NotStarted", "server":"GENERAL0300001H"}}
{"logTime": "0701/151810", "correlationVector":"NMmDxrvOGOBJhG2udloowF.2","action":"Commit Response", "result":"Success", "context":Result: Success. cV=NMmDxrvOGOBJhG2udloowF.0;server=GENERAL0300001H;cloudType=Consumer;environment=Prod_SoutheastAsia_000j;migrationStage=NotStarted}
{"logTime": "0701/152105", "correlationVector":"GHH41WSo2qpqGksWs0K1aG","action":"Normal GetUpdate request", "result":"", "context":cV=GHH41WSo2qpqGksWs0K1aG
Refresh requested types: Bookmarks, Preferences, Passwords, Autofill Profiles, Autofill, Typed URLs, Extensions, Sessions, Extension settings, History Delete Directives, Device Info, User Consents, Send Tab To Self, Web Apps, Collection, Edge E Drop, Edge Hub App Usage, Edge Tab Group, Edge Wallet, Encryption Keys}
{"logTime": "0701/152105", "correlationVector":"GHH41WSo2qpqGksWs0K1aG.1","action":"SyncServerConnectionManagerRequest", "result":"SYNC_SERVER_OK", "context":{"environment":"Prod_SoutheastAsia_000j", "migrationStage":"NotStarted", "server":"GENERAL03000024"}}
{"logTime": "0701/152105", "correlationVector":"GHH41WSo2qpqGksWs0K1aG.2","action":"GetUpdates Response", "result":"Success", "context":Received 4 update(s). cV=GHH41WSo2qpqGksWs0K1aG.0;server=GENERAL03000024;cloudType=Consumer;environment=Prod_SoutheastAsia_000j;migrationStage=NotStarted}
{"logTime": "0701/152555", "correlationVector":"vpr2H5tDru/DBCapiN5HC1","action":"Commit Request", "result":"", "context":Item count: 1
Contributing types: Sessions}
{"logTime": "0701/152556", "correlationVector":"vpr2H5tDru/DBCapiN5HC1.1","action":"SyncServerConnectionManagerRequest", "result":"SYNC_SERVER_OK", "context":{"environment":"Prod_SoutheastAsia_000j", "migrationStage":"NotStarted", "server":"GENERAL03000003"}}
{"logTime": "0701/152556", "correlationVector":"vpr2H5tDru/DBCapiN5HC1.2","action":"Commit Response", "result":"Success", "context":Result: Success. cV=vpr2H5tDru/DBCapiN5HC1.0;server=GENERAL03000003;cloudType=Consumer;environment=Prod_SoutheastAsia_000j;migrationStage=NotStarted}
{"logTime": "0701/152644", "correlationVector":"juy6PKhonz/b/pmZjWiguN","action":"Commit Request", "result":"", "context":Item count: 1
Contributing types: Sessions}
{"logTime": "0701/152644", "correlationVector":"juy6PKhonz/b/pmZjWiguN.1","action":"SyncServerConnectionManagerRequest", "result":"SYNC_SERVER_OK", "context":{"environment":"Prod_SoutheastAsia_000j", "migrationStage":"NotStarted", "server":"GENERAL0300000Q"}}
{"logTime": "0701/152644", "correlationVector":"juy6PKhonz/b/pmZjWiguN.2","action":"Commit Response", "result":"Success", "context":Result: Success. cV=juy6PKhonz/b/pmZjWiguN.0;server=GENERAL0300000Q;cloudType=Consumer;environment=Prod_SoutheastAsia_000j;migrationStage=NotStarted}
{"logTime": "0701/152715", "correlationVector":"QQ5KBg0Pr+p/kyHF8DojTz","action":"Commit Request", "result":"", "context":Item count: 1
Contributing types: Sessions}
{"logTime": "0701/152715", "correlationVector":"QQ5KBg0Pr+p/kyHF8DojTz.1","action":"SyncServerConnectionManagerRequest", "result":"SYNC_SERVER_OK", "context":{"environment":"Prod_SoutheastAsia_000j", "migrationStage":"NotStarted", "server":"GENERAL0100001K"}}
{"logTime": "0701/152715", "correlationVector":"QQ5KBg0Pr+p/kyHF8DojTz.2","action":"Commit Response", "result":"Success", "context":Result: Success. cV=QQ5KBg0Pr+p/kyHF8DojTz.0;server=GENERAL0100001K;cloudType=Consumer;environment=Prod_SoutheastAsia_000j;migrationStage=NotStarted}
{"logTime": "0701/152951", "correlationVector":"tbxHW2Sks/mU7KD9hMSRcZ","action":"Commit Request", "result":"", "context":Item count: 1
Contributing types: Sessions}
{"logTime": "0701/152951", "correlationVector":"tbxHW2Sks/mU7KD9hMSRcZ.1","action":"SyncServerConnectionManagerRequest", "result":"SYNC_SERVER_OK", "context":{"environment":"Prod_SoutheastAsia_000j", "migrationStage":"NotStarted", "server":"GENERAL0300001V"}}
{"logTime": "0701/152951", "correlationVector":"tbxHW2Sks/mU7KD9hMSRcZ.2","action":"Commit Response", "result":"Success", "context":Result: Success. cV=tbxHW2Sks/mU7KD9hMSRcZ.0;server=GENERAL0300001V;cloudType=Consumer;environment=Prod_SoutheastAsia_000j;migrationStage=NotStarted}
{"logTime": "0701/153210", "correlationVector":"8g2U2jpMMhYW9dLPt6L1/J","action":"Commit Request", "result":"", "context":Item count: 1
Contributing types: Sessions}
{"logTime": "0701/153210", "correlationVector":"8g2U2jpMMhYW9dLPt6L1/J.1","action":"SyncServerConnectionManagerRequest", "result":"SYNC_SERVER_OK", "context":{"environment":"Prod_SoutheastAsia_000j", "migrationStage":"NotStarted", "server":"GENERAL0100000D"}}
{"logTime": "0701/153210", "correlationVector":"8g2U2jpMMhYW9dLPt6L1/J.2","action":"Commit Response", "result":"Success", "context":Result: Success. cV=8g2U2jpMMhYW9dLPt6L1/J.0;server=GENERAL0100000D;cloudType=Consumer;environment=Prod_SoutheastAsia_000j;migrationStage=NotStarted}
{"logTime": "0701/153714", "correlationVector":"iQi8/PVAdfVB71UBaBYWRa","action":"Normal GetUpdate request", "result":"", "context":cV=iQi8/PVAdfVB71UBaBYWRa
Notified types: Typed URLs}
{"logTime": "0701/153714", "correlationVector":"iQi8/PVAdfVB71UBaBYWRa.1","action":"SyncServerConnectionManagerRequest", "result":"SYNC_SERVER_OK", "context":{"environment":"Prod_SoutheastAsia_000j", "migrationStage":"NotStarted", "server":"GENERAL01000007"}}
{"logTime": "0701/153714", "correlationVector":"iQi8/PVAdfVB71UBaBYWRa.2","action":"GetUpdates Response", "result":"Success", "context":Received 5 update(s). cV=iQi8/PVAdfVB71UBaBYWRa.0;server=GENERAL01000007;cloudType=Consumer;environment=Prod_SoutheastAsia_000j;migrationStage=NotStarted}
{"logTime": "0701/154100", "correlationVector":"3HQnqp3tHmGk9Vp8/QbNpA","action":"Commit Request", "result":"", "context":Item count: 1
Contributing types: Sessions}
{"logTime": "0701/154100", "correlationVector":"3HQnqp3tHmGk9Vp8/QbNpA.1","action":"SyncServerConnectionManagerRequest", "result":"SYNC_SERVER_OK", "context":{"environment":"Prod_SoutheastAsia_000j", "migrationStage":"NotStarted", "server":"GENERAL0300001F"}}
{"logTime": "0701/154100", "correlationVector":"3HQnqp3tHmGk9Vp8/QbNpA.2","action":"Commit Response", "result":"Success", "context":Result: Success. cV=3HQnqp3tHmGk9Vp8/QbNpA.0;server=GENERAL0300001F;cloudType=Consumer;environment=Prod_SoutheastAsia_000j;migrationStage=NotStarted}
{"logTime": "0701/155030", "correlationVector":"Xd16J9cHa1BtjhtaLw9/zn.1","action":"SyncServerConnectionManagerRequest", "result":"SYNC_SERVER_OK", "context":{"environment":"Prod_SoutheastAsia_000j", "migrationStage":"NotStarted", "server":"GENERAL01000003"}}
{"logTime": "0701/155030", "correlationVector":"8b1JzDi6SqpaBI5SCo7EuO","action":"SyncServerConnectionManagerRequest", "result":"SYNC_SERVER_OK", "context":{"environment":"", "migrationStage":"", "server":""}}
{"logTime": "0701/155030", "correlationVector":"Xd16J9cHa1BtjhtaLw9/zn","action":"Initial GetUpdates", "result":"", "context":Reason: NEW_CLIENT. cV=Xd16J9cHa1BtjhtaLw9/zn}
{"logTime": "0701/155030", "correlationVector":"Xd16J9cHa1BtjhtaLw9/zn.2","action":"GetUpdates Response", "result":"Success", "context":Received 1 update(s). cV=Xd16J9cHa1BtjhtaLw9/zn.0;server=GENERAL01000003;cloudType=Consumer;environment=Prod_SoutheastAsia_000j;migrationStage=NotStarted}
{"logTime": "0701/155030", "correlationVector":"40FE0cptlbM/wy/Pg37ATL","action":"Initial GetUpdates", "result":"", "context":Reason: NEWLY_SUPPORTED_DATATYPE. cV=40FE0cptlbM/wy/Pg37ATL}
{"logTime": "0701/155030", "correlationVector":"40FE0cptlbM/wy/Pg37ATL.1","action":"SyncServerConnectionManagerRequest", "result":"SYNC_SERVER_OK", "context":{"environment":"Prod_SoutheastAsia_000j", "migrationStage":"NotStarted", "server":"GENERAL0100001H"}}
{"logTime": "0701/155030", "correlationVector":"40FE0cptlbM/wy/Pg37ATL.2","action":"GetUpdates", "result":"DeleteReceived", "context":{"id":"6ba8b3f5-82a2-419c-9bc2-d481ffb8b59b", "isDeleted:":"true", "version":"1689618632692"}}
{"logTime": "0701/155030", "correlationVector":"40FE0cptlbM/wy/Pg37ATL.3","action":"GetUpdates", "result":"DeleteReceived", "context":{"id":"079cc71d-e05e-4a4d-91dd-85fcf0298439", "isDeleted:":"true", "version":"1696220087561"}}
{"logTime": "0701/155030", "correlationVector":"40FE0cptlbM/wy/Pg37ATL.4","action":"GetUpdates", "result":"DeleteReceived", "context":{"id":"98f5f1fa-269f-4a2b-bd38-9e97e93827e8", "isDeleted:":"true", "version":"1696220088290"}}
{"logTime": "0701/155030", "correlationVector":"40FE0cptlbM/wy/Pg37ATL.5","action":"GetUpdates", "result":"DeleteReceived", "context":{"id":"d8bbe1a2-9701-4ea0-a385-9c34edbfa7e5", "isDeleted:":"true", "version":"1696220091123"}}
{"logTime": "0701/155030", "correlationVector":"40FE0cptlbM/wy/Pg37ATL.6","action":"GetUpdates", "result":"DeleteReceived", "context":{"id":"a1a17660-a3fa-4d66-92af-bc3388eb4abe", "isDeleted:":"true", "version":"1696220092125"}}
{"logTime": "0701/155030", "correlationVector":"40FE0cptlbM/wy/Pg37ATL.7","action":"GetUpdates", "result":"DeleteReceived", "context":{"id":"c5e103ce-bee1-417b-9a41-7b559ee0803f", "isDeleted:":"true", "version":"1696220097915"}}
{"logTime": "0701/155030", "correlationVector":"40FE0cptlbM/wy/Pg37ATL.8","action":"GetUpdates", "result":"DeleteReceived", "context":{"id":"d0e2620c-f9fa-4f0f-8bc6-e748c05e0df6", "isDeleted:":"true", "version":"1707277814863"}}
{"logTime": "0701/155030", "correlationVector":"40FE0cptlbM/wy/Pg37ATL.9","action":"GetUpdates", "result":"DeleteReceived", "context":{"id":"863cc08c-1a85-40d5-b69c-0402f8a82e7b", "isDeleted:":"true", "version":"1708408365430"}}
{"logTime": "0701/155030", "correlationVector":"40FE0cptlbM/wy/Pg37ATL.10","action":"GetUpdates", "result":"DeleteReceived", "context":{"id":"9885da9f-266d-44a0-8c9e-991de751531d", "isDeleted:":"true", "version":"1708840833448"}}
{"logTime": "0701/155030", "correlationVector":"40FE0cptlbM/wy/Pg37ATL.11","action":"GetUpdates Response", "result":"Success", "context":Received 67 update(s). cV=40FE0cptlbM/wy/Pg37ATL.0;server=GENERAL0100001H;cloudType=Consumer;environment=Prod_SoutheastAsia_000j;migrationStage=NotStarted}
{"logTime": "0701/155030", "correlationVector":"98z3VqEygt8hY1n+lgiehD","action":"Normal GetUpdate request", "result":"", "context":cV=98z3VqEygt8hY1n+lgiehD
Nudged types: Sessions
Refresh requested types: Bookmarks, Preferences, Passwords, Autofill Profiles, Autofill, Typed URLs, Extensions, Sessions, Extension settings, History Delete Directives, Device Info, User Consents, Send Tab To Self, Web Apps, Collection, Edge E Drop, Edge Hub App Usage, Edge Tab Group, Edge Wallet, Encryption Keys}
{"logTime": "0701/155030", "correlationVector":"98z3VqEygt8hY1n+lgiehD.1","action":"SyncServerConnectionManagerRequest", "result":"SYNC_SERVER_OK", "context":{"environment":"Prod_SoutheastAsia_000j", "migrationStage":"NotStarted", "server":"GENERAL0300001V"}}
{"logTime": "0701/155030", "correlationVector":"98z3VqEygt8hY1n+lgiehD.2","action":"GetUpdates Response", "result":"Success", "context":Received 3 update(s). cV=98z3VqEygt8hY1n+lgiehD.0;server=GENERAL0300001V;cloudType=Consumer;environment=Prod_SoutheastAsia_000j;migrationStage=NotStarted}
{"logTime": "0701/155030", "correlationVector":"Ga83LdQyGw+MG+SdqZqyWX","action":"Commit Request", "result":"", "context":Item count: 3
Contributing types: Sessions}
{"logTime": "0701/155030", "correlationVector":"Ga83LdQyGw+MG+SdqZqyWX.1","action":"SyncServerConnectionManagerRequest", "result":"SYNC_SERVER_OK", "context":{"environment":"Prod_SoutheastAsia_000j", "migrationStage":"NotStarted", "server":"GENERAL0100001J"}}
{"logTime": "0701/155030", "correlationVector":"Ga83LdQyGw+MG+SdqZqyWX.3","action":"Commit.Sessions", "result":"Success", "context":{"id":"1a156558-3d4f-42db-aef4-bfcb8f40b2c8", "isDeleted":"true", "size":"0", "version":"1719848452810"}}
{"logTime": "0701/155030", "correlationVector":"Ga83LdQyGw+MG+SdqZqyWX.2","action":"Commit Response", "result":"Success", "context":Result: Success. cV=Ga83LdQyGw+MG+SdqZqyWX.0;server=GENERAL0100001J;cloudType=Consumer;environment=Prod_SoutheastAsia_000j;migrationStage=NotStarted}
{"logTime": "0701/155043", "correlationVector":"+/NeKF7E/tWshtSWVLBrXz","action":"Normal GetUpdate request", "result":"", "context":cV=+/NeKF7E/tWshtSWVLBrXz
Nudged types: Sessions}
{"logTime": "0701/155043", "correlationVector":"+/NeKF7E/tWshtSWVLBrXz.1","action":"SyncServerConnectionManagerRequest", "result":"SYNC_SERVER_OK", "context":{"environment":"Prod_SoutheastAsia_000j", "migrationStage":"NotStarted", "server":"GENERAL03000022"}}
{"logTime": "0701/155043", "correlationVector":"+/NeKF7E/tWshtSWVLBrXz.2","action":"GetUpdates", "result":"DeleteReceived", "context":{"id":"1a156558-3d4f-42db-aef4-bfcb8f40b2c8", "isDeleted:":"true", "version":"1719849005166"}}
{"logTime": "0701/155043", "correlationVector":"+/NeKF7E/tWshtSWVLBrXz.3","action":"GetUpdates Response", "result":"Success", "context":Received 3 update(s). cV=+/NeKF7E/tWshtSWVLBrXz.0;server=GENERAL03000022;cloudType=Consumer;environment=Prod_SoutheastAsia_000j;migrationStage=NotStarted}
{"logTime": "0701/155043", "correlationVector":"W5pSYGXHRrYm1+9AogtZHK","action":"Commit Request", "result":"", "context":Item count: 1
Contributing types: Sessions}
{"logTime": "0701/155043", "correlationVector":"W5pSYGXHRrYm1+9AogtZHK.1","action":"SyncServerConnectionManagerRequest", "result":"SYNC_SERVER_OK", "context":{"environment":"Prod_SoutheastAsia_000j", "migrationStage":"NotStarted", "server":"GENERAL0300000M"}}
{"logTime": "0701/155043", "correlationVector":"W5pSYGXHRrYm1+9AogtZHK.2","action":"Commit Response", "result":"Success", "context":Result: Success. cV=W5pSYGXHRrYm1+9AogtZHK.0;server=GENERAL0300000M;cloudType=Consumer;environment=Prod_SoutheastAsia_000j;migrationStage=NotStarted}
{"logTime": "0701/155219", "correlationVector":"pyl4xq1YXh/8mNBiRkHapD","action":"Commit Request", "result":"", "context":Item count: 1
Contributing types: Sessions}
{"logTime": "0701/155220", "correlationVector":"pyl4xq1YXh/8mNBiRkHapD.1","action":"SyncServerConnectionManagerRequest", "result":"SYNC_SERVER_OK", "context":{"environment":"Prod_SoutheastAsia_000j", "migrationStage":"NotStarted", "server":"GENERAL03000035"}}
{"logTime": "0701/155220", "correlationVector":"pyl4xq1YXh/8mNBiRkHapD.2","action":"Commit Response", "result":"Success", "context":Result: Success. cV=pyl4xq1YXh/8mNBiRkHapD.0;server=GENERAL03000035;cloudType=Consumer;environment=Prod_SoutheastAsia_000j;migrationStage=NotStarted}
